current directory: /Users/endotakeru/dev/chat_app/.bundle/ruby/3.2.0/gems/date-3.3.4/ext/date
/Users/endotakeru/.rbenv/versions/3.2.3/bin/ruby extconf.rb
checking for rb_category_warn()... yes
checking for timezone in time.h with  -Werror... yes
checking for altzone in time.h with  -Werror... no
creating Makefile

current directory: /Users/endotakeru/dev/chat_app/.bundle/ruby/3.2.0/gems/date-3.3.4/ext/date
make DESTDIR\= sitearchdir\=./.gem.20240606-53972-llhwsz sitelibdir\=./.gem.20240606-53972-llhwsz clean

current directory: /Users/endotakeru/dev/chat_app/.bundle/ruby/3.2.0/gems/date-3.3.4/ext/date
make DESTDIR\= sitearchdir\=./.gem.20240606-53972-llhwsz sitelibdir\=./.gem.20240606-53972-llhwsz
compiling date_core.c
compiling date_parse.c
compiling date_strftime.c
compiling date_strptime.c
linking shared-object date_core.bundle
ld: warning: -multiply_defined is obsolete
ld: warning: ignoring duplicate libraries: '-lruby.3.2'

current directory: /Users/endotakeru/dev/chat_app/.bundle/ruby/3.2.0/gems/date-3.3.4/ext/date
make DESTDIR\= sitearchdir\=./.gem.20240606-53972-llhwsz sitelibdir\=./.gem.20240606-53972-llhwsz install
/usr/bin/install -c -m 0755 date_core.bundle ./.gem.20240606-53972-llhwsz

current directory: /Users/endotakeru/dev/chat_app/.bundle/ruby/3.2.0/gems/date-3.3.4/ext/date
make DESTDIR\= sitearchdir\=./.gem.20240606-53972-llhwsz sitelibdir\=./.gem.20240606-53972-llhwsz clean
